[10-Mar-2014 15:09:19 America/Sao_Paulo] PHP Warning:  mail() has been disabled for security reasons in /home/aguiadouradamudanca.com.br/www/contato.php on line 200
[19-Mar-2014 08:58:02 America/Sao_Paulo] PHP Warning:  mail() has been disabled for security reasons in /home/aguiadouradamudanca.com.br/www/orcamento.php on line 1784
[19-Mar-2014 12:22:57 America/Sao_Paulo] PHP Warning:  mail() has been disabled for security reasons in /home/aguiadouradamudanca.com.br/www/orcamento.php on line 1784
[19-Mar-2014 12:25:35 America/Sao_Paulo] PHP Warning:  mail() has been disabled for security reasons in /home/aguiadouradamudanca.com.br/www/orcamento.php on line 1784
[19-Mar-2014 14:42:15 America/Sao_Paulo] PHP Warning:  mail() has been disabled for security reasons in /home/aguiadouradamudanca.com.br/www/orcamento.php on line 1784
[20-Mar-2014 20:34:29 America/Sao_Paulo] PHP Warning:  mail() has been disabled for security reasons in /home/aguiadouradamudanca.com.br/www/transporte-de-veiculos.php on line 217
[21-Mar-2014 09:16:17 America/Sao_Paulo] PHP Warning:  mail() has been disabled for security reasons in /home/aguiadouradamudanca.com.br/www/orcamento.php on line 1784
[21-Mar-2014 16:05:21 America/Sao_Paulo] PHP Warning:  mail() has been disabled for security reasons in /home/aguiadouradamudanca.com.br/www/orcamento.php on line 1784
[21-Mar-2014 16:05:48 America/Sao_Paulo] PHP Warning:  mail() has been disabled for security reasons in /home/aguiadouradamudanca.com.br/www/orcamento.php on line 1784
[21-Mar-2014 16:19:41 America/Sao_Paulo] PHP Warning:  mail() has been disabled for security reasons in /home/aguiadouradamudanca.com.br/www/contato.php on line 200
[21-Mar-2014 16:25:58 America/Sao_Paulo] PHP Warning:  mail() has been disabled for security reasons in /home/aguiadouradamudanca.com.br/www/orcamento.php on line 1784
[21-Mar-2014 16:30:29 America/Sao_Paulo] PHP Warning:  mail() has been disabled for security reasons in /home/aguiadouradamudanca.com.br/www/contato.php on line 204
[21-Mar-2014 16:30:29 America/Sao_Paulo] PHP Warning:  require_once(class.phpmailer.php): failed to open stream: No such file or directory in /home/aguiadouradamudanca.com.br/www/contato.php on line 221
[21-Mar-2014 16:30:29 America/Sao_Paulo] PHP Fatal error:  require_once(): Failed opening required 'class.phpmailer.php' (include_path='.:/php/5.3.21/lib/php') in /home/aguiadouradamudanca.com.br/www/contato.php on line 221
[21-Mar-2014 16:31:36 America/Sao_Paulo] PHP Warning:  require_once(class.smtp.php): failed to open stream: No such file or directory in /home/aguiadouradamudanca.com.br/www/class.phpmailer.php on line 794
[21-Mar-2014 16:31:36 America/Sao_Paulo] PHP Fatal error:  require_once(): Failed opening required 'class.smtp.php' (include_path='.:/php/5.3.21/lib/php') in /home/aguiadouradamudanca.com.br/www/class.phpmailer.php on line 794
[21-Mar-2014 16:33:22 America/Sao_Paulo] PHP Warning:  require_once(class.smtp.php): failed to open stream: No such file or directory in /home/aguiadouradamudanca.com.br/www/class.phpmailer.php on line 794
[21-Mar-2014 16:33:22 America/Sao_Paulo] PHP Fatal error:  require_once(): Failed opening required 'class.smtp.php' (include_path='.:/php/5.3.21/lib/php') in /home/aguiadouradamudanca.com.br/www/class.phpmailer.php on line 794
[21-Mar-2014 16:46:19 America/Sao_Paulo] PHP Warning:  mail() has been disabled for security reasons in /home/aguiadouradamudanca.com.br/www/orcamento.php on line 1784
[21-Mar-2014 16:48:46 America/Sao_Paulo] PHP Warning:  mail() has been disabled for security reasons in /home/aguiadouradamudanca.com.br/www/orcamento.php on line 1784
[21-Mar-2014 16:49:49 America/Sao_Paulo] PHP Warning:  mail() has been disabled for security reasons in /home/aguiadouradamudanca.com.br/www/orcamento.php on line 1784
[21-Mar-2014 16:55:21 America/Sao_Paulo] PHP Parse error:  syntax error, unexpected $end in /home/aguiadouradamudanca.com.br/www/orcamento.php on line 3499
[21-Mar-2014 16:55:24 America/Sao_Paulo] PHP Parse error:  syntax error, unexpected $end in /home/aguiadouradamudanca.com.br/www/orcamento.php on line 3647
[21-Mar-2014 16:55:25 America/Sao_Paulo] PHP Parse error:  syntax error, unexpected $end in /home/aguiadouradamudanca.com.br/www/orcamento.php on line 3647
[21-Mar-2014 16:55:26 America/Sao_Paulo] PHP Parse error:  syntax error, unexpected $end in /home/aguiadouradamudanca.com.br/www/orcamento.php on line 3647
[21-Mar-2014 16:55:50 America/Sao_Paulo] PHP Parse error:  syntax error, unexpected $end in /home/aguiadouradamudanca.com.br/www/orcamento.php on line 3647
[21-Mar-2014 16:55:51 America/Sao_Paulo] PHP Parse error:  syntax error, unexpected $end in /home/aguiadouradamudanca.com.br/www/orcamento.php on line 3647
[21-Mar-2014 16:59:37 America/Sao_Paulo] PHP Parse error:  syntax error, unexpected $end in /home/aguiadouradamudanca.com.br/www/enviaorc.php on line 2034
[21-Mar-2014 17:03:17 America/Sao_Paulo] PHP Parse error:  syntax error, unexpected $end in /home/aguiadouradamudanca.com.br/www/enviaorc.php on line 2004
[28-Mar-2014 04:31:39 America/Sao_Paulo] PHP Warning:  mail() has been disabled for security reasons in /home/aguiadouradamudanca.com.br/www/transporte-de-veiculos.php on line 217
[03-Apr-2014 14:09:26 America/Sao_Paulo] PHP Warning:  mail() has been disabled for security reasons in /home/aguiadouradamudanca.com.br/www/transporte-de-veiculos.php on line 217
[03-Apr-2014 19:48:31 America/Sao_Paulo] PHP Warning:  mail() has been disabled for security reasons in /home/aguiadouradamudanca.com.br/www/transporte-de-veiculos.php on line 217
[04-Apr-2014 19:09:11 America/Sao_Paulo] PHP Warning:  mail() has been disabled for security reasons in /home/aguiadouradamudanca.com.br/www/transporte-de-veiculos.php on line 217
[08-Apr-2014 15:11:20 America/Sao_Paulo] PHP Warning:  mail() has been disabled for security reasons in /home/aguiadouradamudanca.com.br/www/transporte-de-veiculos.php on line 217
[08-Apr-2014 17:00:18 America/Sao_Paulo] PHP Warning:  mail() has been disabled for security reasons in /home/aguiadouradamudanca.com.br/www/transporte-de-veiculos.php on line 217
[11-Apr-2014 10:24:05 America/Sao_Paulo] PHP Warning:  mail() has been disabled for security reasons in /home/aguiadouradamudanca.com.br/www/transporte-de-veiculos.php on line 217
[12-Apr-2014 00:14:32 America/Sao_Paulo] PHP Warning:  mail() has been disabled for security reasons in /home/aguiadouradamudanca.com.br/www/transporte-de-veiculos.php on line 217
[13-Apr-2014 16:55:58 America/Sao_Paulo] PHP Warning:  mail() has been disabled for security reasons in /home/aguiadouradamudanca.com.br/www/transporte-de-veiculos.php on line 217
[14-Apr-2014 05:16:35 America/Sao_Paulo] PHP Warning:  mail() has been disabled for security reasons in /home/aguiadouradamudanca.com.br/www/transporte-de-veiculos.php on line 217
[21-Apr-2014 16:05:14 America/Sao_Paulo] PHP Warning:  mail() has been disabled for security reasons in /home/aguiadouradamudanca.com.br/www/transporte-de-veiculos.php on line 217
[27-Apr-2014 10:30:12 America/Sao_Paulo] PHP Warning:  mail() has been disabled for security reasons in /home/aguiadouradamudanca.com.br/www/transporte-de-veiculos.php on line 217
[02-May-2014 21:46:02 America/Sao_Paulo] PHP Warning:  mail() has been disabled for security reasons in /home/aguiadouradamudanca.com.br/www/transporte-de-veiculos.php on line 217
[10-May-2014 21:37:42 America/Sao_Paulo] PHP Warning:  mail() has been disabled for security reasons in /home/aguiadouradamudanca.com.br/www/transporte-de-veiculos.php on line 217
[15-May-2014 09:46:26 America/Sao_Paulo] PHP Warning:  mail() has been disabled for security reasons in /home/aguiadouradamudanca.com.br/www/transporte-de-veiculos.php on line 217
[22-May-2014 13:10:50 America/Sao_Paulo] PHP Warning:  mail() has been disabled for security reasons in /home/aguiadouradamudanca.com.br/www/transporte-de-veiculos.php on line 217
[26-May-2014 00:53:17 America/Sao_Paulo] PHP Warning:  mail() has been disabled for security reasons in /home/aguiadouradamudanca.com.br/www/transporte-de-veiculos.php on line 217
[26-May-2014 10:17:34 America/Sao_Paulo] PHP Warning:  mail() has been disabled for security reasons in /home/aguiadouradamudanca.com.br/www/transporte-de-veiculos.php on line 217
[26-May-2014 10:49:31 America/Sao_Paulo] PHP Warning:  mail() has been disabled for security reasons in /home/aguiadouradamudanca.com.br/www/transporte-de-veiculos.php on line 217
[29-May-2014 07:59:40 America/Sao_Paulo] PHP Warning:  mail() has been disabled for security reasons in /home/aguiadouradamudanca.com.br/www/transporte-de-veiculos.php on line 217
[29-May-2014 09:52:22 America/Sao_Paulo] PHP Warning:  mail() has been disabled for security reasons in /home/aguiadouradamudanca.com.br/www/transporte-de-veiculos.php on line 217
[31-May-2014 05:26:14 America/Sao_Paulo] PHP Warning:  mail() has been disabled for security reasons in /home/aguiadouradamudanca.com.br/www/transporte-de-veiculos.php on line 217
[01-Jun-2014 03:36:20 America/Sao_Paulo] PHP Warning:  mail() has been disabled for security reasons in /home/aguiadouradamudanca.com.br/www/transporte-de-veiculos.php on line 217
[02-Jun-2014 11:18:35 America/Sao_Paulo] PHP Warning:  mail() has been disabled for security reasons in /home/aguiadouradamudanca.com.br/www/transporte-de-veiculos.php on line 217
[05-Jun-2014 23:03:59 America/Sao_Paulo] PHP Warning:  mail() has been disabled for security reasons in /home/aguiadouradamudanca.com.br/www/transporte-de-veiculos.php on line 217
[13-Jun-2014 20:41:21 America/Sao_Paulo] PHP Warning:  mail() has been disabled for security reasons in /home/aguiadouradamudanca.com.br/www/transporte-de-veiculos.php on line 217
[15-Jun-2014 09:26:11 America/Sao_Paulo] PHP Warning:  mail() has been disabled for security reasons in /home/aguiadouradamudanca.com.br/www/transporte-de-veiculos.php on line 217
[17-Jun-2014 03:31:52 America/Sao_Paulo] PHP Warning:  mail() has been disabled for security reasons in /home/aguiadouradamudanca.com.br/www/transporte-de-veiculos.php on line 217
[22-Jun-2014 20:42:33 America/Sao_Paulo] PHP Warning:  mail() has been disabled for security reasons in /home/aguiadouradamudanca.com.br/www/transporte-de-veiculos.php on line 217
[28-Jun-2014 11:40:25 America/Sao_Paulo] PHP Warning:  mail() has been disabled for security reasons in /home/aguiadouradamudanca.com.br/www/transporte-de-veiculos.php on line 217
[08-Jul-2014 16:27:34 America/Sao_Paulo] PHP Warning:  mail() has been disabled for security reasons in /home/aguiadouradamudanca.com.br/www/transporte-de-veiculos.php on line 217
[11-Jul-2014 13:14:26 America/Sao_Paulo] PHP Warning:  mail() has been disabled for security reasons in /home/aguiadouradamudanca.com.br/www/transporte-de-veiculos.php on line 217
[17-Jul-2014 19:55:09 America/Sao_Paulo] PHP Warning:  mail() has been disabled for security reasons in /home/aguiadouradamudanca.com.br/www/transporte-de-veiculos.php on line 217
[21-Jul-2014 08:40:40 America/Sao_Paulo] PHP Warning:  mail() has been disabled for security reasons in /home/aguiadouradamudanca.com.br/www/transporte-de-veiculos.php on line 217
[22-Jul-2014 08:22:27 America/Sao_Paulo] PHP Warning:  mail() has been disabled for security reasons in /home/aguiadouradamudanca.com.br/www/transporte-de-veiculos.php on line 217
[23-Jul-2014 23:48:18 America/Sao_Paulo] PHP Warning:  mail() has been disabled for security reasons in /home/aguiadouradamudanca.com.br/www/transporte-de-veiculos.php on line 217
[29-Jul-2014 09:11:38 America/Sao_Paulo] PHP Warning:  mail() has been disabled for security reasons in /home/aguiadouradamudanca.com.br/www/transporte-de-veiculos.php on line 217
[29-Jul-2014 11:20:54 America/Sao_Paulo] PHP Warning:  mail() has been disabled for security reasons in /home/aguiadouradamudanca.com.br/www/transporte-de-veiculos.php on line 217
[31-Jul-2014 22:28:55 America/Sao_Paulo] PHP Warning:  mail() has been disabled for security reasons in /home/aguiadouradamudanca.com.br/www/transporte-de-veiculos.php on line 217
[01-Aug-2014 19:18:15 America/Sao_Paulo] PHP Warning:  mail() has been disabled for security reasons in /home/aguiadouradamudanca.com.br/www/transporte-de-veiculos.php on line 217
[04-Aug-2014 21:34:38 America/Sao_Paulo] PHP Warning:  mail() has been disabled for security reasons in /home/aguiadouradamudanca.com.br/www/transporte-de-veiculos.php on line 217
[26-Aug-2014 12:23:20 America/Sao_Paulo] PHP Warning:  mail() has been disabled for security reasons in /home/aguiadouradamudanca.com.br/www/transporte-de-veiculos.php on line 217
[26-Aug-2014 18:49:20 America/Sao_Paulo] PHP Warning:  mail() has been disabled for security reasons in /home/aguiadouradamudanca.com.br/www/transporte-de-veiculos.php on line 217
[29-Aug-2014 16:33:32 America/Sao_Paulo] PHP Warning:  mail() has been disabled for security reasons in /home/aguiadouradamudanca.com.br/www/transporte-de-veiculos.php on line 217
[29-Aug-2014 22:25:42 America/Sao_Paulo] PHP Warning:  mail() has been disabled for security reasons in /home/aguiadouradamudanca.com.br/www/transporte-de-veiculos.php on line 217
[02-Sep-2014 10:38:00 America/Sao_Paulo] PHP Warning:  mail() has been disabled for security reasons in /home/aguiadouradamudanca.com.br/www/transporte-de-veiculos.php on line 217
[11-Sep-2014 17:17:17 America/Sao_Paulo] PHP Warning:  mail() has been disabled for security reasons in /home/aguiadouradamudanca.com.br/www/transporte-de-veiculos.php on line 217
[12-Sep-2014 15:31:54 America/Sao_Paulo] PHP Warning:  mail() has been disabled for security reasons in /home/aguiadouradamudanca.com.br/www/transporte-de-veiculos.php on line 217
[14-Sep-2014 21:18:15 America/Sao_Paulo] PHP Warning:  mail() has been disabled for security reasons in /home/aguiadouradamudanca.com.br/www/transporte-de-veiculos.php on line 217
[16-Sep-2014 12:00:33 America/Sao_Paulo] PHP Warning:  mail() has been disabled for security reasons in /home/aguiadouradamudanca.com.br/www/transporte-de-veiculos.php on line 217
[18-Sep-2014 07:54:08 America/Sao_Paulo] PHP Warning:  mail() has been disabled for security reasons in /home/aguiadouradamudanca.com.br/www/transporte-de-veiculos.php on line 217
[18-Sep-2014 15:04:43 America/Sao_Paulo] PHP Warning:  mail() has been disabled for security reasons in /home/aguiadouradamudanca.com.br/www/transporte-de-veiculos.php on line 217
[18-Sep-2014 15:05:19 America/Sao_Paulo] PHP Warning:  mail() has been disabled for security reasons in /home/aguiadouradamudanca.com.br/www/transporte-de-veiculos.php on line 217
[19-Sep-2014 19:03:19 America/Sao_Paulo] PHP Warning:  mail() has been disabled for security reasons in /home/aguiadouradamudanca.com.br/www/transporte-de-veiculos.php on line 217
[25-Sep-2014 01:11:15 America/Sao_Paulo] PHP Warning:  mail() has been disabled for security reasons in /home/aguiadouradamudanca.com.br/www/transporte-de-veiculos.php on line 217
[25-Sep-2014 16:32:49 America/Sao_Paulo] PHP Warning:  mail() has been disabled for security reasons in /home/aguiadouradamudanca.com.br/www/transporte-de-veiculos.php on line 217
[27-Sep-2014 02:39:47 America/Sao_Paulo] PHP Warning:  mail() has been disabled for security reasons in /home/aguiadouradamudanca.com.br/www/transporte-de-veiculos.php on line 217
[30-Sep-2014 18:09:57 America/Sao_Paulo] PHP Warning:  mail() has been disabled for security reasons in /home/aguiadouradamudanca.com.br/www/transporte-de-veiculos.php on line 217
[02-Oct-2014 18:40:32 America/Sao_Paulo] PHP Warning:  mail() has been disabled for security reasons in /home/aguiadouradamudanca.com.br/www/transporte-de-veiculos.php on line 217
[03-Oct-2014 13:21:23 America/Sao_Paulo] PHP Warning:  mail() has been disabled for security reasons in /home/aguiadouradamudanca.com.br/www/transporte-de-veiculos.php on line 217
[05-Oct-2014 20:14:57 America/Sao_Paulo] PHP Warning:  mail() has been disabled for security reasons in /home/aguiadouradamudanca.com.br/www/transporte-de-veiculos.php on line 217
[06-Oct-2014 14:13:35 America/Sao_Paulo] PHP Warning:  mail() has been disabled for security reasons in /home/aguiadouradamudanca.com.br/www/transporte-de-veiculos.php on line 217
[07-Oct-2014 20:53:53 America/Sao_Paulo] PHP Warning:  mail() has been disabled for security reasons in /home/aguiadouradamudanca.com.br/www/transporte-de-veiculos.php on line 217
[11-Oct-2014 17:40:23 America/Sao_Paulo] PHP Warning:  mail() has been disabled for security reasons in /home/aguiadouradamudanca.com.br/www/transporte-de-veiculos.php on line 217
[14-Oct-2014 22:39:14 America/Sao_Paulo] PHP Warning:  mail() has been disabled for security reasons in /home/aguiadouradamudanca.com.br/www/transporte-de-veiculos.php on line 217
[17-Oct-2014 14:42:18 America/Sao_Paulo] PHP Warning:  mail() has been disabled for security reasons in /home/aguiadouradamudanca.com.br/www/transporte-de-veiculos.php on line 217
[22-Oct-2014 02:22:08 America/Sao_Paulo] PHP Warning:  mail() has been disabled for security reasons in /home/aguiadouradamudanca.com.br/www/transporte-de-veiculos.php on line 217
[24-Oct-2014 22:50:05 America/Sao_Paulo] PHP Warning:  mail() has been disabled for security reasons in /home/aguiadouradamudanca.com.br/www/transporte-de-veiculos.php on line 217
[26-Oct-2014 16:28:44 America/Sao_Paulo] PHP Warning:  mail() has been disabled for security reasons in /home/aguiadouradamudanca.com.br/www/transporte-de-veiculos.php on line 217
[26-Oct-2014 16:29:30 America/Sao_Paulo] PHP Warning:  mail() has been disabled for security reasons in /home/aguiadouradamudanca.com.br/www/transporte-de-veiculos.php on line 217
[27-Oct-2014 10:06:43 America/Sao_Paulo] PHP Warning:  mail() has been disabled for security reasons in /home/aguiadouradamudanca.com.br/www/transporte-de-veiculos.php on line 217
[29-Oct-2014 10:50:47 America/Sao_Paulo] PHP Warning:  mail() has been disabled for security reasons in /home/aguiadouradamudanca.com.br/www/transporte-de-veiculos.php on line 217
[29-Oct-2014 14:20:09 America/Sao_Paulo] PHP Warning:  mail() has been disabled for security reasons in /home/aguiadouradamudanca.com.br/www/transporte-de-veiculos.php on line 217
[31-Oct-2014 12:16:41 America/Sao_Paulo] PHP Warning:  mail() has been disabled for security reasons in /home/aguiadouradamudanca.com.br/www/transporte-de-veiculos.php on line 217
[03-Nov-2014 08:58:35 America/Sao_Paulo] PHP Warning:  mail() has been disabled for security reasons in /home/aguiadouradamudanca.com.br/www/transporte-de-veiculos.php on line 217
[06-Nov-2014 21:36:39 America/Sao_Paulo] PHP Warning:  mail() has been disabled for security reasons in /home/aguiadouradamudanca.com.br/www/transporte-de-veiculos.php on line 217
[08-Nov-2014 11:53:11 America/Sao_Paulo] PHP Warning:  mail() has been disabled for security reasons in /home/aguiadouradamudanca.com.br/www/transporte-de-veiculos.php on line 217
[08-Nov-2014 20:57:39 America/Sao_Paulo] PHP Warning:  mail() has been disabled for security reasons in /home/aguiadouradamudanca.com.br/www/transporte-de-veiculos.php on line 217
[09-Nov-2014 17:02:20 America/Sao_Paulo] PHP Warning:  mail() has been disabled for security reasons in /home/aguiadouradamudanca.com.br/www/transporte-de-veiculos.php on line 217
[10-Nov-2014 19:25:03 America/Sao_Paulo] PHP Warning:  mail() has been disabled for security reasons in /home/aguiadouradamudanca.com.br/www/transporte-de-veiculos.php on line 217
[11-Nov-2014 00:53:12 America/Sao_Paulo] PHP Warning:  mail() has been disabled for security reasons in /home/aguiadouradamudanca.com.br/www/transporte-de-veiculos.php on line 217
[11-Nov-2014 08:19:02 America/Sao_Paulo] PHP Warning:  mail() has been disabled for security reasons in /home/aguiadouradamudanca.com.br/www/transporte-de-veiculos.php on line 217
[11-Nov-2014 10:43:02 America/Sao_Paulo] PHP Warning:  mail() has been disabled for security reasons in /home/aguiadouradamudanca.com.br/www/transporte-de-veiculos.php on line 217
[13-Nov-2014 20:34:09 America/Sao_Paulo] PHP Warning:  mail() has been disabled for security reasons in /home/aguiadouradamudanca.com.br/www/transporte-de-veiculos.php on line 217
[16-Nov-2014 19:38:12 America/Sao_Paulo] PHP Warning:  mail() has been disabled for security reasons in /home/aguiadouradamudanca.com.br/www/transporte-de-veiculos.php on line 217
[18-Nov-2014 17:23:58 America/Sao_Paulo] PHP Warning:  mail() has been disabled for security reasons in /home/aguiadouradamudanca.com.br/www/transporte-de-veiculos.php on line 217
[19-Nov-2014 14:32:47 America/Sao_Paulo] PHP Warning:  mail() has been disabled for security reasons in /home/aguiadouradamudanca.com.br/www/transporte-de-veiculos.php on line 217
[22-Nov-2014 08:53:52 America/Sao_Paulo] PHP Warning:  mail() has been disabled for security reasons in /home/aguiadouradamudanca.com.br/www/transporte-de-veiculos.php on line 217
[22-Nov-2014 09:10:10 America/Sao_Paulo] PHP Warning:  mail() has been disabled for security reasons in /home/aguiadouradamudanca.com.br/www/transporte-de-veiculos.php on line 217
[22-Nov-2014 10:00:54 America/Sao_Paulo] PHP Warning:  mail() has been disabled for security reasons in /home/aguiadouradamudanca.com.br/www/transporte-de-veiculos.php on line 217
[22-Nov-2014 21:51:09 America/Sao_Paulo] PHP Warning:  mail() has been disabled for security reasons in /home/aguiadouradamudanca.com.br/www/transporte-de-veiculos.php on line 217
[23-Nov-2014 22:08:50 America/Sao_Paulo] PHP Warning:  mail() has been disabled for security reasons in /home/aguiadouradamudanca.com.br/www/transporte-de-veiculos.php on line 217
[25-Nov-2014 16:36:00 America/Sao_Paulo] PHP Warning:  mail() has been disabled for security reasons in /home/aguiadouradamudanca.com.br/www/transporte-de-veiculos.php on line 217
[27-Nov-2014 18:19:11 America/Sao_Paulo] PHP Warning:  mail() has been disabled for security reasons in /home/aguiadouradamudanca.com.br/www/transporte-de-veiculos.php on line 217
[02-Dec-2014 22:15:39 America/Sao_Paulo] PHP Warning:  mail() has been disabled for security reasons in /home/aguiadouradamudanca.com.br/www/transporte-de-veiculos.php on line 217
[09-Dec-2014 13:44:03 America/Sao_Paulo] PHP Warning:  mail() has been disabled for security reasons in /home/aguiadouradamudanca.com.br/www/transporte-de-veiculos.php on line 217
[11-Dec-2014 22:50:17 America/Sao_Paulo] PHP Warning:  mail() has been disabled for security reasons in /home/aguiadouradamudanca.com.br/www/transporte-de-veiculos.php on line 217
[12-Dec-2014 10:30:07 America/Sao_Paulo] PHP Warning:  mail() has been disabled for security reasons in /home/aguiadouradamudanca.com.br/www/transporte-de-veiculos.php on line 217
[16-Dec-2014 19:45:28 America/Sao_Paulo] PHP Warning:  mail() has been disabled for security reasons in /home/aguiadouradamudanca.com.br/www/transporte-de-veiculos.php on line 217
[18-Dec-2014 11:28:58 America/Sao_Paulo] PHP Warning:  mail() has been disabled for security reasons in /home/aguiadouradamudanca.com.br/www/transporte-de-veiculos.php on line 217
[19-Dec-2014 10:56:23 America/Sao_Paulo] PHP Warning:  mail() has been disabled for security reasons in /home/aguiadouradamudanca.com.br/www/transporte-de-veiculos.php on line 217
[02-Jan-2015 16:33:23 America/Sao_Paulo] PHP Warning:  mail() has been disabled for security reasons in /home/aguiadouradamudanca.com.br/www/transporte-de-veiculos.php on line 217
[04-Jan-2015 15:55:26 America/Sao_Paulo] PHP Warning:  mail() has been disabled for security reasons in /home/aguiadouradamudanca.com.br/www/transporte-de-veiculos.php on line 217
[06-Jan-2015 16:56:34 America/Sao_Paulo] PHP Warning:  mail() has been disabled for security reasons in /home/aguiadouradamudanca.com.br/www/transporte-de-veiculos.php on line 217
[07-Jan-2015 12:00:15 America/Sao_Paulo] PHP Warning:  mail() has been disabled for security reasons in /home/aguiadouradamudanca.com.br/www/transporte-de-veiculos.php on line 217
[08-Jan-2015 00:39:51 America/Sao_Paulo] PHP Warning:  mail() has been disabled for security reasons in /home/aguiadouradamudanca.com.br/www/transporte-de-veiculos.php on line 217
[11-Jan-2015 15:20:44 America/Sao_Paulo] PHP Warning:  mail() has been disabled for security reasons in /home/aguiadouradamudanca.com.br/www/transporte-de-veiculos.php on line 217
[13-Jan-2015 09:29:13 America/Sao_Paulo] PHP Warning:  mail() has been disabled for security reasons in /home/aguiadouradamudanca.com.br/www/transporte-de-veiculos.php on line 217
[13-Jan-2015 11:45:15 America/Sao_Paulo] PHP Warning:  mail() has been disabled for security reasons in /home/aguiadouradamudanca.com.br/www/transporte-de-veiculos.php on line 217
[14-Jan-2015 11:37:50 America/Sao_Paulo] PHP Warning:  mail() has been disabled for security reasons in /home/aguiadouradamudanca.com.br/www/transporte-de-veiculos.php on line 217
[15-Jan-2015 14:31:42 America/Sao_Paulo] PHP Warning:  mail() has been disabled for security reasons in /home/aguiadouradamudanca.com.br/www/transporte-de-veiculos.php on line 217
[18-Jan-2015 17:29:03 America/Sao_Paulo] PHP Warning:  mail() has been disabled for security reasons in /home/aguiadouradamudanca.com.br/www/transporte-de-veiculos.php on line 217
[24-Jan-2015 09:18:25 America/Sao_Paulo] PHP Warning:  mail() has been disabled for security reasons in /home/aguiadouradamudanca.com.br/www/transporte-de-veiculos.php on line 217
[24-Jan-2015 18:49:01 America/Sao_Paulo] PHP Warning:  mail() has been disabled for security reasons in /home/aguiadouradamudanca.com.br/www/transporte-de-veiculos.php on line 217
[24-Jan-2015 20:32:19 America/Sao_Paulo] PHP Warning:  mail() has been disabled for security reasons in /home/aguiadouradamudanca.com.br/www/transporte-de-veiculos.php on line 217
[24-Jan-2015 20:43:41 America/Sao_Paulo] PHP Warning:  mail() has been disabled for security reasons in /home/aguiadouradamudanca.com.br/www/transporte-de-veiculos.php on line 217
[25-Jan-2015 10:33:23 America/Sao_Paulo] PHP Warning:  mail() has been disabled for security reasons in /home/aguiadouradamudanca.com.br/www/transporte-de-veiculos.php on line 217
[25-Jan-2015 14:20:38 America/Sao_Paulo] PHP Warning:  mail() has been disabled for security reasons in /home/aguiadouradamudanca.com.br/www/transporte-de-veiculos.php on line 217
[26-Jan-2015 13:59:54 America/Sao_Paulo] PHP Warning:  mail() has been disabled for security reasons in /home/aguiadouradamudanca.com.br/www/transporte-de-veiculos.php on line 217
[26-Jan-2015 14:00:46 America/Sao_Paulo] PHP Warning:  mail() has been disabled for security reasons in /home/aguiadouradamudanca.com.br/www/transporte-de-veiculos.php on line 217
[26-Jan-2015 21:58:53 America/Sao_Paulo] PHP Warning:  mail() has been disabled for security reasons in /home/aguiadouradamudanca.com.br/www/transporte-de-veiculos.php on line 217
[27-Jan-2015 10:14:23 America/Sao_Paulo] PHP Warning:  mail() has been disabled for security reasons in /home/aguiadouradamudanca.com.br/www/transporte-de-veiculos.php on line 217
[27-Jan-2015 15:11:14 America/Sao_Paulo] PHP Warning:  mail() has been disabled for security reasons in /home/aguiadouradamudanca.com.br/www/transporte-de-veiculos.php on line 217
[27-Jan-2015 21:51:09 America/Sao_Paulo] PHP Warning:  mail() has been disabled for security reasons in /home/aguiadouradamudanca.com.br/www/transporte-de-veiculos.php on line 217
[28-Jan-2015 10:06:10 America/Sao_Paulo] PHP Warning:  mail() has been disabled for security reasons in /home/aguiadouradamudanca.com.br/www/transporte-de-veiculos.php on line 217
[28-Jan-2015 11:47:42 America/Sao_Paulo] PHP Warning:  mail() has been disabled for security reasons in /home/aguiadouradamudanca.com.br/www/transporte-de-veiculos.php on line 217
[28-Jan-2015 11:47:44 America/Sao_Paulo] PHP Warning:  mail() has been disabled for security reasons in /home/aguiadouradamudanca.com.br/www/transporte-de-veiculos.php on line 217
[28-Jan-2015 11:51:30 America/Sao_Paulo] PHP Warning:  mail() has been disabled for security reasons in /home/aguiadouradamudanca.com.br/www/transporte-de-veiculos.php on line 217
[28-Jan-2015 19:29:09 America/Sao_Paulo] PHP Warning:  mail() has been disabled for security reasons in /home/aguiadouradamudanca.com.br/www/transporte-de-veiculos.php on line 217
[29-Jan-2015 12:46:06 America/Sao_Paulo] PHP Warning:  mail() has been disabled for security reasons in /home/aguiadouradamudanca.com.br/www/transporte-de-veiculos.php on line 217
[30-Jan-2015 11:41:37 America/Sao_Paulo] PHP Warning:  mail() has been disabled for security reasons in /home/aguiadouradamudanca.com.br/www/transporte-de-veiculos.php on line 217
[31-Jan-2015 09:28:53 America/Sao_Paulo] PHP Warning:  mail() has been disabled for security reasons in /home/aguiadouradamudanca.com.br/www/transporte-de-veiculos.php on line 217
[31-Jan-2015 11:51:56 America/Sao_Paulo] PHP Warning:  mail() has been disabled for security reasons in /home/aguiadouradamudanca.com.br/www/transporte-de-veiculos.php on line 217
[31-Jan-2015 11:57:54 America/Sao_Paulo] PHP Warning:  mail() has been disabled for security reasons in /home/aguiadouradamudanca.com.br/www/transporte-de-veiculos.php on line 217
[31-Jan-2015 12:23:37 America/Sao_Paulo] PHP Warning:  mail() has been disabled for security reasons in /home/aguiadouradamudanca.com.br/www/transporte-de-veiculos.php on line 217
[01-Feb-2015 09:51:42 America/Sao_Paulo] PHP Warning:  mail() has been disabled for security reasons in /home/aguiadouradamudanca.com.br/www/transporte-de-veiculos.php on line 217
[02-Feb-2015 10:45:53 America/Sao_Paulo] PHP Warning:  mail() has been disabled for security reasons in /home/aguiadouradamudanca.com.br/www/transporte-de-veiculos.php on line 217
[02-Feb-2015 16:29:28 America/Sao_Paulo] PHP Warning:  mail() has been disabled for security reasons in /home/aguiadouradamudanca.com.br/www/transporte-de-veiculos.php on line 217
[02-Feb-2015 18:52:46 America/Sao_Paulo] PHP Warning:  mail() has been disabled for security reasons in /home/aguiadouradamudanca.com.br/www/transporte-de-veiculos.php on line 217
[02-Feb-2015 19:09:01 America/Sao_Paulo] PHP Warning:  mail() has been disabled for security reasons in /home/aguiadouradamudanca.com.br/www/transporte-de-veiculos.php on line 217
[04-Feb-2015 10:16:36 America/Sao_Paulo] PHP Warning:  mail() has been disabled for security reasons in /home/aguiadouradamudanca.com.br/www/transporte-de-veiculos.php on line 217
[04-Feb-2015 14:12:22 America/Sao_Paulo] PHP Warning:  mail() has been disabled for security reasons in /home/aguiadouradamudanca.com.br/www/transporte-de-veiculos.php on line 217
[05-Feb-2015 09:19:21 America/Sao_Paulo] PHP Warning:  mail() has been disabled for security reasons in /home/aguiadouradamudanca.com.br/www/transporte-de-veiculos.php on line 217
[05-Feb-2015 14:52:31 America/Sao_Paulo] PHP Warning:  mail() has been disabled for security reasons in /home/aguiadouradamudanca.com.br/www/transporte-de-veiculos.php on line 217
[06-Feb-2015 13:34:01 America/Sao_Paulo] PHP Warning:  mail() has been disabled for security reasons in /home/aguiadouradamudanca.com.br/www/transporte-de-veiculos.php on line 217
[06-Feb-2015 16:58:00 America/Sao_Paulo] PHP Warning:  mail() has been disabled for security reasons in /home/aguiadouradamudanca.com.br/www/transporte-de-veiculos.php on line 217
[06-Feb-2015 21:22:29 America/Sao_Paulo] PHP Warning:  mail() has been disabled for security reasons in /home/aguiadouradamudanca.com.br/www/transporte-de-veiculos.php on line 217
[08-Feb-2015 13:51:48 America/Sao_Paulo] PHP Warning:  mail() has been disabled for security reasons in /home/aguiadouradamudanca.com.br/www/transporte-de-veiculos.php on line 217
[09-Feb-2015 18:41:22 America/Sao_Paulo] PHP Warning:  mail() has been disabled for security reasons in /home/aguiadouradamudanca.com.br/www/transporte-de-veiculos.php on line 217
[11-Feb-2015 10:29:45 America/Sao_Paulo] PHP Warning:  mail() has been disabled for security reasons in /home/aguiadouradamudanca.com.br/www/transporte-de-veiculos.php on line 217
[12-Feb-2015 01:11:21 America/Sao_Paulo] PHP Warning:  mail() has been disabled for security reasons in /home/aguiadouradamudanca.com.br/www/transporte-de-veiculos.php on line 217
[16-Feb-2015 13:58:28 America/Sao_Paulo] PHP Warning:  mail() has been disabled for security reasons in /home/aguiadouradamudanca.com.br/www/transporte-de-veiculos.php on line 217
[18-Feb-2015 14:12:48 America/Sao_Paulo] PHP Warning:  mail() has been disabled for security reasons in /home/aguiadouradamudanca.com.br/www/transporte-de-veiculos.php on line 217
[18-Feb-2015 15:53:11 America/Sao_Paulo] PHP Warning:  mail() has been disabled for security reasons in /home/aguiadouradamudanca.com.br/www/transporte-de-veiculos.php on line 217
[21-Feb-2015 15:35:36 America/Sao_Paulo] PHP Warning:  mail() has been disabled for security reasons in /home/aguiadouradamudanca.com.br/www/transporte-de-veiculos.php on line 217
[22-Feb-2015 09:12:29 America/Sao_Paulo] PHP Warning:  mail() has been disabled for security reasons in /home/aguiadouradamudanca.com.br/www/transporte-de-veiculos.php on line 217
[25-Feb-2015 14:38:26 America/Sao_Paulo] PHP Warning:  mail() has been disabled for security reasons in /home/aguiadouradamudanca.com.br/www/transporte-de-veiculos.php on line 217
[26-Feb-2015 00:45:10 America/Sao_Paulo] PHP Warning:  mail() has been disabled for security reasons in /home/aguiadouradamudanca.com.br/www/transporte-de-veiculos.php on line 217
[01-Mar-2015 10:10:27 America/Sao_Paulo] PHP Warning:  mail() has been disabled for security reasons in /home/aguiadouradamudanca.com.br/www/transporte-de-veiculos.php on line 217
[02-Mar-2015 19:06:11 America/Sao_Paulo] PHP Warning:  mail() has been disabled for security reasons in /home/aguiadouradamudanca.com.br/www/transporte-de-veiculos.php on line 217
[02-Mar-2015 23:09:19 America/Sao_Paulo] PHP Warning:  mail() has been disabled for security reasons in /home/aguiadouradamudanca.com.br/www/transporte-de-veiculos.php on line 217
[04-Mar-2015 00:34:00 America/Sao_Paulo] PHP Warning:  mail() has been disabled for security reasons in /home/aguiadouradamudanca.com.br/www/transporte-de-veiculos.php on line 217
[05-Mar-2015 11:17:07 America/Sao_Paulo] PHP Warning:  mail() has been disabled for security reasons in /home/aguiadouradamudanca.com.br/www/transporte-de-veiculos.php on line 217
[08-Mar-2015 22:44:28 America/Sao_Paulo] PHP Warning:  mail() has been disabled for security reasons in /home/aguiadouradamudanca.com.br/www/transporte-de-veiculos.php on line 217
[09-Mar-2015 18:58:00 America/Sao_Paulo] PHP Warning:  mail() has been disabled for security reasons in /home/aguiadouradamudanca.com.br/www/transporte-de-veiculos.php on line 217
[09-Mar-2015 22:30:31 America/Sao_Paulo] PHP Warning:  mail() has been disabled for security reasons in /home/aguiadouradamudanca.com.br/www/transporte-de-veiculos.php on line 217
[11-Mar-2015 12:04:22 America/Sao_Paulo] PHP Warning:  mail() has been disabled for security reasons in /home/aguiadouradamudanca.com.br/www/transporte-de-veiculos.php on line 217
[19-Mar-2015 18:37:51 America/Sao_Paulo] PHP Warning:  mail() has been disabled for security reasons in /home/aguiadouradamudanca.com.br/www/transporte-de-veiculos.php on line 217
[22-Mar-2015 03:54:10 America/Sao_Paulo] PHP Warning:  mail() has been disabled for security reasons in /home/aguiadouradamudanca.com.br/www/transporte-de-veiculos.php on line 217
[22-Mar-2015 12:30:37 America/Sao_Paulo] PHP Warning:  mail() has been disabled for security reasons in /home/aguiadouradamudanca.com.br/www/transporte-de-veiculos.php on line 217
[22-Mar-2015 22:30:01 America/Sao_Paulo] PHP Warning:  mail() has been disabled for security reasons in /home/aguiadouradamudanca.com.br/www/transporte-de-veiculos.php on line 217
[23-Mar-2015 22:06:05 America/Sao_Paulo] PHP Warning:  mail() has been disabled for security reasons in /home/aguiadouradamudanca.com.br/www/transporte-de-veiculos.php on line 217
[24-Mar-2015 10:55:13 America/Sao_Paulo] PHP Warning:  mail() has been disabled for security reasons in /home/aguiadouradamudanca.com.br/www/transporte-de-veiculos.php on line 217
[25-Mar-2015 10:53:14 America/Sao_Paulo] PHP Warning:  mail() has been disabled for security reasons in /home/aguiadouradamudanca.com.br/www/transporte-de-veiculos.php on line 217
[29-Mar-2015 21:42:56 America/Sao_Paulo] PHP Warning:  mail() has been disabled for security reasons in /home/aguiadouradamudanca.com.br/www/transporte-de-veiculos.php on line 217
[03-Apr-2015 00:23:01 America/Sao_Paulo] PHP Warning:  mail() has been disabled for security reasons in /home/aguiadouradamudanca.com.br/www/transporte-de-veiculos.php on line 217
[04-Apr-2015 21:19:36 America/Sao_Paulo] PHP Warning:  mail() has been disabled for security reasons in /home/aguiadouradamudanca.com.br/www/transporte-de-veiculos.php on line 217
[06-Apr-2015 21:51:49 America/Sao_Paulo] PHP Warning:  mail() has been disabled for security reasons in /home/aguiadouradamudanca.com.br/www/transporte-de-veiculos.php on line 217
[08-Apr-2015 19:21:31 America/Sao_Paulo] PHP Warning:  mail() has been disabled for security reasons in /home/aguiadouradamudanca.com.br/www/transporte-de-veiculos.php on line 217
[08-Apr-2015 19:27:48 America/Sao_Paulo] PHP Warning:  mail() has been disabled for security reasons in /home/aguiadouradamudanca.com.br/www/transporte-de-veiculos.php on line 217
[08-Apr-2015 23:24:24 America/Sao_Paulo] PHP Warning:  mail() has been disabled for security reasons in /home/aguiadouradamudanca.com.br/www/transporte-de-veiculos.php on line 217
[09-Apr-2015 13:05:00 America/Sao_Paulo] PHP Warning:  mail() has been disabled for security reasons in /home/aguiadouradamudanca.com.br/www/transporte-de-veiculos.php on line 217
[12-Apr-2015 15:12:06 America/Sao_Paulo] PHP Warning:  mail() has been disabled for security reasons in /home/aguiadouradamudanca.com.br/www/transporte-de-veiculos.php on line 217
[14-Apr-2015 12:30:07 America/Sao_Paulo] PHP Warning:  mail() has been disabled for security reasons in /home/aguiadouradamudanca.com.br/www/transporte-de-veiculos.php on line 217
[15-Apr-2015 21:57:51 America/Sao_Paulo] PHP Warning:  mail() has been disabled for security reasons in /home/aguiadouradamudanca.com.br/www/transporte-de-veiculos.php on line 217
[20-Apr-2015 11:21:25 America/Sao_Paulo] PHP Warning:  mail() has been disabled for security reasons in /home/aguiadouradamudanca.com.br/www/transporte-de-veiculos.php on line 217
[20-Apr-2015 11:21:35 America/Sao_Paulo] PHP Warning:  mail() has been disabled for security reasons in /home/aguiadouradamudanca.com.br/www/transporte-de-veiculos.php on line 217
[21-Apr-2015 14:57:28 America/Sao_Paulo] PHP Warning:  mail() has been disabled for security reasons in /home/aguiadouradamudanca.com.br/www/transporte-de-veiculos.php on line 217
[22-Apr-2015 12:26:29 America/Sao_Paulo] PHP Warning:  mail() has been disabled for security reasons in /home/aguiadouradamudanca.com.br/www/transporte-de-veiculos.php on line 217
[23-Apr-2015 10:08:20 America/Sao_Paulo] PHP Fatal error:  Uncaught exception 'PDOException' with message 'SQLSTATE[HY000] [2003] Can't connect to MySQL server on 'aguiadourada.com.br' (110)' in /home/aguiadouradamudanca.com.br/www/ConDB.php:14
Stack trace:
#0 /home/aguiadouradamudanca.com.br/www/ConDB.php(14): PDO->__construct('mysql:host=agui...', 'admin', 'admin*123')
#1 /home/aguiadouradamudanca.com.br/www/ConDB.php(19): ConDB->setCon()
#2 /home/aguiadouradamudanca.com.br/www/CRUD.php(9): ConDB->getCon()
#3 /home/aguiadouradamudanca.com.br/www/CRUD.php(15): crud->prepExec('insert into cli...', Array)
#4 /home/aguiadouradamudanca.com.br/www/salvarDadosCliente.php(9): crud->insert('cliente', 'Nome=?, Telefon...', Array)
#5 {main}
  thrown in /home/aguiadouradamudanca.com.br/www/ConDB.php on line 14
[23-Apr-2015 11:00:53 America/Sao_Paulo] PHP Fatal error:  Uncaught exception 'PDOException' with message 'SQLSTATE[HY000] [2003] Can't connect to MySQL server on 'aguiadourada.com.br' (110)' in /home/aguiadouradamudanca.com.br/www/ConDB.php:14
Stack trace:
#0 /home/aguiadouradamudanca.com.br/www/ConDB.php(14): PDO->__construct('mysql:host=agui...', 'admin', 'admin*123')
#1 /home/aguiadouradamudanca.com.br/www/ConDB.php(19): ConDB->setCon()
#2 /home/aguiadouradamudanca.com.br/www/CRUD.php(9): ConDB->getCon()
#3 /home/aguiadouradamudanca.com.br/www/CRUD.php(15): crud->prepExec('insert into cli...', Array)
#4 /home/aguiadouradamudanca.com.br/www/salvarDadosCliente.php(9): crud->insert('cliente', 'Nome=?, Telefon...', Array)
#5 {main}
  thrown in /home/aguiadouradamudanca.com.br/www/ConDB.php on line 14
[23-Apr-2015 11:04:35 America/Sao_Paulo] PHP Fatal error:  Uncaught exception 'PDOException' with message 'SQLSTATE[HY000] [2003] Can't connect to MySQL server on 'aguiadourada.com.br' (110)' in /home/aguiadouradamudanca.com.br/www/ConDB.php:14
Stack trace:
#0 /home/aguiadouradamudanca.com.br/www/ConDB.php(14): PDO->__construct('mysql:host=agui...', 'admin', 'admin*123')
#1 /home/aguiadouradamudanca.com.br/www/ConDB.php(19): ConDB->setCon()
#2 /home/aguiadouradamudanca.com.br/www/CRUD.php(9): ConDB->getCon()
#3 /home/aguiadouradamudanca.com.br/www/CRUD.php(15): crud->prepExec('insert into cli...', Array)
#4 /home/aguiadouradamudanca.com.br/www/salvarDadosCliente.php(9): crud->insert('cliente', 'Nome=?, Telefon...', Array)
#5 {main}
  thrown in /home/aguiadouradamudanca.com.br/www/ConDB.php on line 14
[23-Apr-2015 14:53:56 America/Sao_Paulo] PHP Fatal error:  Uncaught exception 'PDOException' with message 'SQLSTATE[HY000] [2003] Can't connect to MySQL server on 'aguiadourada.com.br' (110)' in /home/aguiadouradamudanca.com.br/www/ConDB.php:14
Stack trace:
#0 /home/aguiadouradamudanca.com.br/www/ConDB.php(14): PDO->__construct('mysql:host=agui...', 'admin', 'admin*123')
#1 /home/aguiadouradamudanca.com.br/www/ConDB.php(19): ConDB->setCon()
#2 /home/aguiadouradamudanca.com.br/www/CRUD.php(9): ConDB->getCon()
#3 /home/aguiadouradamudanca.com.br/www/CRUD.php(15): crud->prepExec('insert into cli...', Array)
#4 /home/aguiadouradamudanca.com.br/www/salvarDadosCliente.php(9): crud->insert('cliente', 'Nome=?, Telefon...', Array)
#5 {main}
  thrown in /home/aguiadouradamudanca.com.br/www/ConDB.php on line 14
[23-Apr-2015 14:54:24 America/Sao_Paulo] PHP Fatal error:  Uncaught exception 'PDOException' with message 'SQLSTATE[HY000] [2003] Can't connect to MySQL server on 'aguiadourada.com.br' (110)' in /home/aguiadouradamudanca.com.br/www/ConDB.php:14
Stack trace:
#0 /home/aguiadouradamudanca.com.br/www/ConDB.php(14): PDO->__construct('mysql:host=agui...', 'admin', 'admin*123')
#1 /home/aguiadouradamudanca.com.br/www/ConDB.php(19): ConDB->setCon()
#2 /home/aguiadouradamudanca.com.br/www/CRUD.php(9): ConDB->getCon()
#3 /home/aguiadouradamudanca.com.br/www/CRUD.php(15): crud->prepExec('insert into cli...', Array)
#4 /home/aguiadouradamudanca.com.br/www/salvarDadosCliente.php(9): crud->insert('cliente', 'Nome=?, Telefon...', Array)
#5 {main}
  thrown in /home/aguiadouradamudanca.com.br/www/ConDB.php on line 14
[23-Apr-2015 17:17:45 America/Sao_Paulo] PHP Fatal error:  Uncaught exception 'PDOException' with message 'invalid data source name' in /home/aguiadouradamudanca.com.br/www/ConDB.php:14
Stack trace:
#0 /home/aguiadouradamudanca.com.br/www/ConDB.php(14): PDO->__construct('mysql05.hstbr.n...', 'admaguiad', 'hQ9TiTQplg')
#1 /home/aguiadouradamudanca.com.br/www/ConDB.php(19): ConDB->setCon()
#2 /home/aguiadouradamudanca.com.br/www/CRUD.php(9): ConDB->getCon()
#3 /home/aguiadouradamudanca.com.br/www/CRUD.php(15): crud->prepExec('insert into cli...', Array)
#4 /home/aguiadouradamudanca.com.br/www/salvarDadosCliente.php(9): crud->insert('cliente', 'Nome=?, Telefon...', Array)
#5 {main}
  thrown in /home/aguiadouradamudanca.com.br/www/ConDB.php on line 14
[23-Apr-2015 17:17:48 America/Sao_Paulo] PHP Fatal error:  Uncaught exception 'PDOException' with message 'invalid data source name' in /home/aguiadouradamudanca.com.br/www/ConDB.php:14
Stack trace:
#0 /home/aguiadouradamudanca.com.br/www/ConDB.php(14): PDO->__construct('mysql05.hstbr.n...', 'admaguiad', 'hQ9TiTQplg')
#1 /home/aguiadouradamudanca.com.br/www/ConDB.php(19): ConDB->setCon()
#2 /home/aguiadouradamudanca.com.br/www/CRUD.php(9): ConDB->getCon()
#3 /home/aguiadouradamudanca.com.br/www/CRUD.php(15): crud->prepExec('insert into cli...', Array)
#4 /home/aguiadouradamudanca.com.br/www/salvarDadosCliente.php(9): crud->insert('cliente', 'Nome=?, Telefon...', Array)
#5 {main}
  thrown in /home/aguiadouradamudanca.com.br/www/ConDB.php on line 14
[23-Apr-2015 17:18:51 America/Sao_Paulo] PHP Fatal error:  Uncaught exception 'PDOException' with message 'invalid data source name' in /home/aguiadouradamudanca.com.br/www/ConDB.php:14
Stack trace:
#0 /home/aguiadouradamudanca.com.br/www/ConDB.php(14): PDO->__construct('mysql05.hstbr.n...', 'admaguiad', 'hQ9TiTQplg')
#1 /home/aguiadouradamudanca.com.br/www/ConDB.php(19): ConDB->setCon()
#2 /home/aguiadouradamudanca.com.br/www/CRUD.php(9): ConDB->getCon()
#3 /home/aguiadouradamudanca.com.br/www/CRUD.php(15): crud->prepExec('insert into cli...', Array)
#4 /home/aguiadouradamudanca.com.br/www/salvarDadosCliente.php(9): crud->insert('cliente', 'Nome=?, Telefon...', Array)
#5 {main}
  thrown in /home/aguiadouradamudanca.com.br/www/ConDB.php on line 14
[23-Apr-2015 17:18:51 America/Sao_Paulo] PHP Fatal error:  Uncaught exception 'PDOException' with message 'invalid data source name' in /home/aguiadouradamudanca.com.br/www/ConDB.php:14
Stack trace:
#0 /home/aguiadouradamudanca.com.br/www/ConDB.php(14): PDO->__construct('mysql05.hstbr.n...', 'admaguiad', 'hQ9TiTQplg')
#1 /home/aguiadouradamudanca.com.br/www/ConDB.php(19): ConDB->setCon()
#2 /home/aguiadouradamudanca.com.br/www/CRUD.php(9): ConDB->getCon()
#3 /home/aguiadouradamudanca.com.br/www/CRUD.php(15): crud->prepExec('insert into cli...', Array)
#4 /home/aguiadouradamudanca.com.br/www/salvarDadosCliente.php(9): crud->insert('cliente', 'Nome=?, Telefon...', Array)
#5 {main}
  thrown in /home/aguiadouradamudanca.com.br/www/ConDB.php on line 14
[23-Apr-2015 17:18:52 America/Sao_Paulo] PHP Fatal error:  Uncaught exception 'PDOException' with message 'invalid data source name' in /home/aguiadouradamudanca.com.br/www/ConDB.php:14
Stack trace:
#0 /home/aguiadouradamudanca.com.br/www/ConDB.php(14): PDO->__construct('mysql05.hstbr.n...', 'admaguiad', 'hQ9TiTQplg')
#1 /home/aguiadouradamudanca.com.br/www/ConDB.php(19): ConDB->setCon()
#2 /home/aguiadouradamudanca.com.br/www/CRUD.php(9): ConDB->getCon()
#3 /home/aguiadouradamudanca.com.br/www/CRUD.php(15): crud->prepExec('insert into cli...', Array)
#4 /home/aguiadouradamudanca.com.br/www/salvarDadosCliente.php(9): crud->insert('cliente', 'Nome=?, Telefon...', Array)
#5 {main}
  thrown in /home/aguiadouradamudanca.com.br/www/ConDB.php on line 14
